2022-02-22 04:17:59.845  INFO 1612 --- [main] c.et.ms.metrics.EtmsMetricsApplication   : Starting EtmsMetricsApplication using Java 11.0.14 on ETMSMetricsVM with PID 1612 (C:\Workspace\metrics\metrics\target\classes started by etmsmetricsadmin in C:\Workspace\metrics)
2022-02-22 04:17:59.845  INFO 1612 --- [main] c.et.ms.metrics.EtmsMetricsApplication   : No active profile set, falling back to default profiles: default
2022-02-22 04:18:01.860  INFO 1612 --- [main] o.s.b.w.embedded.tomcat.TomcatWebServer  : Tomcat initialized with port(s): 8080 (http)
2022-02-22 04:18:01.875  INFO 1612 --- [main] o.apache.catalina.core.StandardService   : Starting service [Tomcat]
2022-02-22 04:18:01.875  INFO 1612 --- [main] org.apache.catalina.core.StandardEngine  : Starting Servlet engine: [Apache Tomcat/9.0.56]
2022-02-22 04:18:01.985  INFO 1612 --- [main] o.a.c.c.C.[Tomcat].[localhost].[/]       : Initializing Spring embedded WebApplicationContext
2022-02-22 04:18:01.985  INFO 1612 --- [main] w.s.c.ServletWebServerApplicationContext : Root WebApplicationContext: initialization completed in 1935 ms
2022-02-22 04:18:02.655  INFO 1612 --- [main] o.s.b.w.embedded.tomcat.TomcatWebServer  : Tomcat started on port(s): 8080 (http) with context path ''
2022-02-22 04:18:02.675  INFO 1612 --- [main] c.et.ms.metrics.EtmsMetricsApplication   : Started EtmsMetricsApplication in 3.996 seconds (JVM running for 5.005)
2022-02-22 04:18:02.715  INFO 1612 --- [main] c.et.ms.metrics.EtmsMetricsApplication   : {"transactionId":"3e6928be-0348-4476-b714-452a25cc3604","clOrdId":"10","side":"B","securityId":"AAPL","lastQty":"4","lastPx":"162"}
2022-02-22 04:18:02.745  INFO 1612 --- [main] o.a.k.clients.producer.ProducerConfig    : ProducerConfig values: 
	acks = 1
	batch.size = 16384
	bootstrap.servers = [pkc-epwny.eastus.azure.confluent.cloud:9092]
	buffer.memory = 33554432
	client.dns.lookup = use_all_dns_ips
	client.id = producer-1
	compression.type = none
	connections.max.idle.ms = 540000
	delivery.timeout.ms = 120000
	enable.idempotence = false
	interceptor.classes = []
	internal.auto.downgrade.txn.commit = true
	key.serializer = class org.apache.kafka.common.serialization.StringSerializer
	linger.ms = 0
	max.block.ms = 60000
	max.in.flight.requests.per.connection = 5
	max.request.size = 1048576
	metadata.max.age.ms = 300000
	metadata.max.idle.ms = 300000
	metric.reporters = []
	metrics.num.samples = 2
	metrics.recording.level = INFO
	metrics.sample.window.ms = 30000
	partitioner.class = class org.apache.kafka.clients.producer.internals.DefaultPartitioner
	receive.buffer.bytes = 32768
	reconnect.backoff.max.ms = 1000
	reconnect.backoff.ms = 50
	request.timeout.ms = 30000
	retries = 2147483647
	retry.backoff.ms = 100
	sasl.client.callback.handler.class = null
	sasl.jaas.config = [hidden]
	sasl.kerberos.kinit.cmd = /usr/bin/kinit
	sasl.kerberos.min.time.before.relogin = 60000
	sasl.kerberos.service.name = null
	sasl.kerberos.ticket.renew.jitter = 0.05
	sasl.kerberos.ticket.renew.window.factor = 0.8
	sasl.login.callback.handler.class = null
	sasl.login.class = null
	sasl.login.refresh.buffer.seconds = 300
	sasl.login.refresh.min.period.seconds = 60
	sasl.login.refresh.window.factor = 0.8
	sasl.login.refresh.window.jitter = 0.05
	sasl.mechanism = PLAIN
	security.protocol = SASL_SSL
	security.providers = null
	send.buffer.bytes = 131072
	socket.connection.setup.timeout.max.ms = 127000
	socket.connection.setup.timeout.ms = 10000
	ssl.cipher.suites = null
	ssl.enabled.protocols = [TLSv1.2, TLSv1.3]
	ssl.endpoint.identification.algorithm = https
	ssl.engine.factory.class = null
	ssl.key.password = null
	ssl.keymanager.algorithm = SunX509
	ssl.keystore.certificate.chain = null
	ssl.keystore.key = null
	ssl.keystore.location = null
	ssl.keystore.password = null
	ssl.keystore.type = JKS
	ssl.protocol = TLSv1.3
	ssl.provider = null
	ssl.secure.random.implementation = null
	ssl.trustmanager.algorithm = PKIX
	ssl.truststore.certificates = null
	ssl.truststore.location = null
	ssl.truststore.password = null
	ssl.truststore.type = JKS
	transaction.timeout.ms = 60000
	transactional.id = null
	value.serializer = class org.apache.kafka.common.serialization.StringSerializer

2022-02-22 04:18:02.970  INFO 1612 --- [main] o.a.k.c.s.authenticator.AbstractLogin    : Successfully logged in.
2022-02-22 04:18:03.145  WARN 1612 --- [main] o.a.k.clients.producer.ProducerConfig    : The configuration 'schema.registry.url' was supplied but isn't a known config.
2022-02-22 04:18:03.145  WARN 1612 --- [main] o.a.k.clients.producer.ProducerConfig    : The configuration 'basic.auth.user.info' was supplied but isn't a known config.
2022-02-22 04:18:03.145  WARN 1612 --- [main] o.a.k.clients.producer.ProducerConfig    : The configuration 'basic.auth.credentials.source' was supplied but isn't a known config.
2022-02-22 04:18:03.145  INFO 1612 --- [main] o.a.kafka.common.utils.AppInfoParser     : Kafka version: 2.7.2
2022-02-22 04:18:03.150  INFO 1612 --- [main] o.a.kafka.common.utils.AppInfoParser     : Kafka commitId: 37a1cc36bf4d76f3
2022-02-22 04:18:03.150  INFO 1612 --- [main] o.a.kafka.common.utils.AppInfoParser     : Kafka startTimeMs: 1645503483145
2022-02-22 04:18:03.963  INFO 1612 --- [kafka-producer-network-thread | producer-1] org.apache.kafka.clients.Metadata        : [Producer clientId=producer-1] Cluster ID: lkc-mjjm2
2022-02-22 04:18:03.978  INFO 1612 --- [main] c.e.m.m.producer.KafkaMessageProducer    : Message sent -> {"transactionId":"3e6928be-0348-4476-b714-452a25cc3604","clOrdId":"10","side":"B","securityId":"AAPL","lastQty":"4","lastPx":"162"}
2022-02-22 04:18:03.978  INFO 1612 --- [main] c.et.ms.metrics.EtmsMetricsApplication   : {"transactionId":"d73882c5-84fb-4e1f-a76e-0467e3fd63b7","clOrdId":"11","side":"B","securityId":"AAPL","lastQty":"8","lastPx":"164"}
2022-02-22 04:18:03.983  INFO 1612 --- [main] c.e.m.m.producer.KafkaMessageProducer    : Message sent -> {"transactionId":"d73882c5-84fb-4e1f-a76e-0467e3fd63b7","clOrdId":"11","side":"B","securityId":"AAPL","lastQty":"8","lastPx":"164"}
2022-02-22 04:18:03.998  INFO 1612 --- [main] c.et.ms.metrics.EtmsMetricsApplication   : {"transactionId":"6ba43b43-c6a1-4d28-a10b-c6f604c5b62c","clOrdId":"12","side":"B","securityId":"AAPL","lastQty":"16","lastPx":"166"}
2022-02-22 04:18:04.003  INFO 1612 --- [main] c.e.m.m.producer.KafkaMessageProducer    : Message sent -> {"transactionId":"6ba43b43-c6a1-4d28-a10b-c6f604c5b62c","clOrdId":"12","side":"B","securityId":"AAPL","lastQty":"16","lastPx":"166"}
2022-02-22 04:18:04.003  INFO 1612 --- [main] c.et.ms.metrics.EtmsMetricsApplication   : {"transactionId":"ed164943-e83e-4a1f-8848-f21a086f7fb1","clOrdId":"13","side":"B","securityId":"AAPL","lastQty":"32","lastPx":"168"}
2022-02-22 04:18:04.013  INFO 1612 --- [main] c.e.m.m.producer.KafkaMessageProducer    : Message sent -> {"transactionId":"ed164943-e83e-4a1f-8848-f21a086f7fb1","clOrdId":"13","side":"B","securityId":"AAPL","lastQty":"32","lastPx":"168"}
2022-02-22 04:18:04.018  INFO 1612 --- [main] c.et.ms.metrics.EtmsMetricsApplication   : {"transactionId":"6aff9a5b-eb16-47e2-b2f2-54538988f4ab","clOrdId":"14","side":"B","securityId":"AAPL","lastQty":"64","lastPx":"170"}
2022-02-22 04:18:04.018  INFO 1612 --- [main] c.e.m.m.producer.KafkaMessageProducer    : Message sent -> {"transactionId":"6aff9a5b-eb16-47e2-b2f2-54538988f4ab","clOrdId":"14","side":"B","securityId":"AAPL","lastQty":"64","lastPx":"170"}
